<?xml version="1.0" encoding="UTF-8"?>
<!-- Generated by org.testng.reporters.JUnitXMLReporter -->
<testsuite hostname="LAPTOP-H04OKNBJ" name="Default test" tests="3" failures="0" timestamp="27 Oct 2020 02:44:58 GMT" time="31.312" errors="0">
  <testcase name="loginPageTitleTest" time="0.018" classname="com.crm.qa.testcases.LoginPageTest"/>
  <testcase name="registrationTest" time="0.418" classname="com.crm.qa.testcases.LoginPageTest"/>
  <testcase name="loginTest" time="2.064" classname="com.crm.qa.testcases.LoginPageTest"/>
</testsuite> <!-- Default test -->
