<?xml version="1.0" encoding="UTF-8"?>
<testng-results skipped="0" failed="0" total="3" passed="3">
  <reporter-output>
  </reporter-output>
  <suite name="Default suite" duration-ms="31312" started-at="2020-10-27T02:44:26Z" finished-at="2020-10-27T02:44:58Z">
    <groups>
    </groups>
    <test name="Default test" duration-ms="31312" started-at="2020-10-27T02:44:26Z" finished-at="2020-10-27T02:44:58Z">
      <class name="com.crm.qa.testcases.LoginPageTest">
        <test-method status="PASS" signature="setUp()[pri:0, instance:com.crm.qa.testcases.LoginPageTest@17d99928]" name="setUp" is-config="true" duration-ms="10694" started-at="2020-10-26T22:44:26Z" finished-at="2020-10-26T22:44:37Z">
          <reporter-output>
          </reporter-output>
        </test-method> <!-- setUp -->
        <test-method status="PASS" signature="loginPageTitleTest()[pri:0, instance:com.crm.qa.testcases.LoginPageTest@17d99928]" name="loginPageTitleTest" duration-ms="18" started-at="2020-10-26T22:44:37Z" finished-at="2020-10-26T22:44:37Z">
          <reporter-output>
          </reporter-output>
        </test-method> <!-- loginPageTitleTest -->
        <test-method status="PASS" signature="tearDown()[pri:0, instance:com.crm.qa.testcases.LoginPageTest@17d99928]" name="tearDown" is-config="true" duration-ms="732" started-at="2020-10-26T22:44:37Z" finished-at="2020-10-26T22:44:38Z">
          <reporter-output>
          </reporter-output>
        </test-method> <!-- tearDown -->
        <test-method status="PASS" signature="setUp()[pri:0, instance:com.crm.qa.testcases.LoginPageTest@17d99928]" name="setUp" is-config="true" duration-ms="8135" started-at="2020-10-26T22:44:38Z" finished-at="2020-10-26T22:44:46Z">
          <reporter-output>
          </reporter-output>
        </test-method> <!-- setUp -->
        <test-method status="PASS" signature="registrationTest()[pri:0, instance:com.crm.qa.testcases.LoginPageTest@17d99928]" name="registrationTest" duration-ms="418" started-at="2020-10-26T22:44:46Z" finished-at="2020-10-26T22:44:46Z">
          <reporter-output>
          </reporter-output>
        </test-method> <!-- registrationTest -->
        <test-method status="PASS" signature="tearDown()[pri:0, instance:com.crm.qa.testcases.LoginPageTest@17d99928]" name="tearDown" is-config="true" duration-ms="688" started-at="2020-10-26T22:44:46Z" finished-at="2020-10-26T22:44:47Z">
          <reporter-output>
          </reporter-output>
        </test-method> <!-- tearDown -->
        <test-method status="PASS" signature="setUp()[pri:0, instance:com.crm.qa.testcases.LoginPageTest@17d99928]" name="setUp" is-config="true" duration-ms="7850" started-at="2020-10-26T22:44:47Z" finished-at="2020-10-26T22:44:55Z">
          <reporter-output>
          </reporter-output>
        </test-method> <!-- setUp -->
        <test-method status="PASS" signature="loginTest()[pri:0, instance:com.crm.qa.testcases.LoginPageTest@17d99928]" name="loginTest" duration-ms="2064" started-at="2020-10-26T22:44:55Z" finished-at="2020-10-26T22:44:57Z">
          <reporter-output>
          </reporter-output>
        </test-method> <!-- loginTest -->
        <test-method status="PASS" signature="tearDown()[pri:0, instance:com.crm.qa.testcases.LoginPageTest@17d99928]" name="tearDown" is-config="true" duration-ms="691" started-at="2020-10-26T22:44:57Z" finished-at="2020-10-26T22:44:58Z">
          <reporter-output>
          </reporter-output>
        </test-method> <!-- tearDown -->
      </class> <!-- com.crm.qa.testcases.LoginPageTest -->
    </test> <!-- Default test -->
  </suite> <!-- Default suite -->
</testng-results>
